TFG_CarlosMilenaQuesada/app/build/intermediates/manifest_merge_blame_file/debug/processDebugMainManifest/manifest-merger-blame-debug-report.txt
1<?xml version="1.0" encoding="utf-8"?>
2<manifest xmlns:android="http://schemas.android.com/apk/res/android"
3    package="com.example.tfg_carlosmilenaquesada"
4    android:versionCode="1"
5    android:versionName="1.0" >
6
7    <uses-sdk
8        android:minSdkVersion="24"
9        android:targetSdkVersion="34" />
10
11    <uses-permission android:name="android.permission.INTERNET" />
11-->src\main\AndroidManifest.xml:5:5-67
11-->src\main\AndroidManifest.xml:5:22-64
12    <uses-permission android:name="android.permission.CAMERA" /> <!-- Don't require camera, as this requires a rear camera. This allows it to work on the Nexus 7 -->
12-->[com.journeyapps:zxing-android-embedded:4.1.0] AndroidManifest.xml:22:5-65
12-->[com.journeyapps:zxing-android-embedded:4.1.0] AndroidManifest.xml:22:22-62
13    <uses-feature
13-->[com.journeyapps:zxing-android-embedded:4.1.0] AndroidManifest.xml:25:5-27:36
14        android:name="android.hardware.camera"
14-->[com.journeyapps:zxing-android-embedded:4.1.0] AndroidManifest.xml:26:9-47
15        android:required="false" />
15-->[com.journeyapps:zxing-android-embedded:4.1.0] AndroidManifest.xml:27:9-33
16    <uses-feature
16-->[com.journeyapps:zxing-android-embedded:4.1.0] AndroidManifest.xml:28:5-30:36
17        android:name="android.hardware.camera.front"
17-->[com.journeyapps:zxing-android-embedded:4.1.0] AndroidManifest.xml:29:9-53
18        android:required="false" /> <!-- TODO replace above two with next line after Android 4.2 -->
18-->[com.journeyapps:zxing-android-embedded:4.1.0] AndroidManifest.xml:30:9-33
19    <!-- <uses-feature android:name="android.hardware.camera.any"/> -->
20    <uses-feature
20-->[com.journeyapps:zxing-android-embedded:4.1.0] AndroidManifest.xml:33:5-35:36
21        android:name="android.hardware.camera.autofocus"
21-->[com.journeyapps:zxing-android-embedded:4.1.0] AndroidManifest.xml:34:9-57
22        android:required="false" />
22-->[com.journeyapps:zxing-android-embedded:4.1.0] AndroidManifest.xml:35:9-33
23    <uses-feature
23-->[com.journeyapps:zxing-android-embedded:4.1.0] AndroidManifest.xml:36:5-38:36
24        android:name="android.hardware.camera.flash"
24-->[com.journeyapps:zxing-android-embedded:4.1.0] AndroidManifest.xml:37:9-53
25        android:required="false" />
25-->[com.journeyapps:zxing-android-embedded:4.1.0] AndroidManifest.xml:38:9-33
26    <uses-feature
26-->[com.journeyapps:zxing-android-embedded:4.1.0] AndroidManifest.xml:39:5-41:36
27        android:name="android.hardware.screen.landscape"
27-->[com.journeyapps:zxing-android-embedded:4.1.0] AndroidManifest.xml:40:9-57
28        android:required="false" />
28-->[com.journeyapps:zxing-android-embedded:4.1.0] AndroidManifest.xml:41:9-33
29    <uses-feature
29-->[com.journeyapps:zxing-android-embedded:4.1.0] AndroidManifest.xml:42:5-44:36
30        android:name="android.hardware.wifi"
30-->[com.journeyapps:zxing-android-embedded:4.1.0] AndroidManifest.xml:43:9-45
31        android:required="false" />
31-->[com.journeyapps:zxing-android-embedded:4.1.0] AndroidManifest.xml:44:9-33
32
33    <permission
33-->[androidx.core:core:1.9.0] AndroidManifest.xml:22:5-24:47
34        android:name="com.example.tfg_carlosmilenaquesada.DYNAMIC_RECEIVER_NOT_EXPORTED_PERMISSION"
34-->[androidx.core:core:1.9.0] AndroidManifest.xml:23:9-81
35        android:protectionLevel="signature" />
35-->[androidx.core:core:1.9.0] AndroidManifest.xml:24:9-44
36
37    <uses-permission android:name="com.example.tfg_carlosmilenaquesada.DYNAMIC_RECEIVER_NOT_EXPORTED_PERMISSION" />
37-->[androidx.core:core:1.9.0] AndroidManifest.xml:26:5-97
37-->[androidx.core:core:1.9.0] AndroidManifest.xml:26:22-94
38
39    <application
39-->src\main\AndroidManifest.xml:7:5-105:19
40        android:allowBackup="true"
40-->src\main\AndroidManifest.xml:8:9-35
41        android:appComponentFactory="androidx.core.app.CoreComponentFactory"
41-->[androidx.core:core:1.9.0] AndroidManifest.xml:28:18-86
42        android:dataExtractionRules="@xml/data_extraction_rules"
42-->src\main\AndroidManifest.xml:9:9-65
43        android:debuggable="true"
44        android:extractNativeLibs="false"
45        android:fullBackupContent="@xml/backup_rules"
45-->src\main\AndroidManifest.xml:10:9-54
46        android:icon="@mipmap/ic_launcher"
46-->src\main\AndroidManifest.xml:11:9-43
47        android:label="@string/app_name"
47-->src\main\AndroidManifest.xml:12:9-41
48        android:roundIcon="@mipmap/ic_launcher_round"
48-->src\main\AndroidManifest.xml:13:9-54
49        android:supportsRtl="true"
49-->src\main\AndroidManifest.xml:14:9-35
50        android:testOnly="true"
51        android:theme="@style/Theme.TFG_CarlosMilenaQuesada"
51-->src\main\AndroidManifest.xml:15:9-61
52        android:usesCleartextTraffic="true" >
52-->src\main\AndroidManifest.xml:16:9-44
53        <activity
53-->src\main\AndroidManifest.xml:19:9-22:40
54            android:name="com.example.tfg_carlosmilenaquesada.views.activities.point_of_sale.MoneyCountingActivity"
54-->src\main\AndroidManifest.xml:20:13-81
55            android:exported="false"
55-->src\main\AndroidManifest.xml:22:13-37
56            android:screenOrientation="portrait" />
56-->src\main\AndroidManifest.xml:21:13-49
57        <activity
57-->src\main\AndroidManifest.xml:23:9-26:40
58            android:name="com.example.tfg_carlosmilenaquesada.views.activities.point_of_sale.PointOfSaleClosingActivity"
58-->src\main\AndroidManifest.xml:24:13-86
59            android:exported="false"
59-->src\main\AndroidManifest.xml:26:13-37
60            android:screenOrientation="landscape" />
60-->src\main\AndroidManifest.xml:25:13-50
61        <activity
61-->src\main\AndroidManifest.xml:27:9-30:40
62            android:name="com.example.tfg_carlosmilenaquesada.views.activities.point_of_sale.PointOfSaleManagementActivity"
62-->src\main\AndroidManifest.xml:28:13-89
63            android:exported="false"
63-->src\main\AndroidManifest.xml:30:13-37
64            android:screenOrientation="portrait" />
64-->src\main\AndroidManifest.xml:29:13-49
65        <activity
65-->src\main\AndroidManifest.xml:31:9-34:40
66            android:name="com.example.tfg_carlosmilenaquesada.views.activities.CapitalOperationActivity"
66-->src\main\AndroidManifest.xml:32:13-70
67            android:exported="false"
67-->src\main\AndroidManifest.xml:34:13-37
68            android:screenOrientation="portrait" />
68-->src\main\AndroidManifest.xml:33:13-49
69        <activity
69-->src\main\AndroidManifest.xml:35:9-38:40
70            android:name="com.example.tfg_carlosmilenaquesada.views.activities.CapitalManagementActivity"
70-->src\main\AndroidManifest.xml:36:13-71
71            android:exported="false"
71-->src\main\AndroidManifest.xml:38:13-37
72            android:screenOrientation="portrait" />
72-->src\main\AndroidManifest.xml:37:13-49
73        <activity
73-->src\main\AndroidManifest.xml:39:9-42:40
74            android:name="com.example.tfg_carlosmilenaquesada.views.loaders.CustomersLoaderActivity"
74-->src\main\AndroidManifest.xml:40:13-66
75            android:exported="false"
75-->src\main\AndroidManifest.xml:42:13-37
76            android:screenOrientation="portrait" />
76-->src\main\AndroidManifest.xml:41:13-49
77        <activity
77-->src\main\AndroidManifest.xml:43:9-46:40
78            android:name="com.example.tfg_carlosmilenaquesada.views.activities.customers.CreateNewCustomerActivity"
78-->src\main\AndroidManifest.xml:44:13-81
79            android:exported="false"
79-->src\main\AndroidManifest.xml:46:13-37
80            android:screenOrientation="portrait" />
80-->src\main\AndroidManifest.xml:45:13-49
81        <activity
81-->src\main\AndroidManifest.xml:47:9-50:40
82            android:name="com.example.tfg_carlosmilenaquesada.views.activities.customers.ShowAndModifyCustomersActivity"
82-->src\main\AndroidManifest.xml:48:13-86
83            android:exported="false"
83-->src\main\AndroidManifest.xml:50:13-37
84            android:screenOrientation="portrait" />
84-->src\main\AndroidManifest.xml:49:13-49
85        <activity
85-->src\main\AndroidManifest.xml:51:9-54:40
86            android:name="com.example.tfg_carlosmilenaquesada.views.activities.customers.CustomersManagementMenuActivity"
86-->src\main\AndroidManifest.xml:52:13-87
87            android:exported="false"
87-->src\main\AndroidManifest.xml:54:13-37
88            android:screenOrientation="portrait" />
88-->src\main\AndroidManifest.xml:53:13-49
89        <activity
89-->src\main\AndroidManifest.xml:55:9-58:40
90            android:name="com.example.tfg_carlosmilenaquesada.views.activities.tickets.ReservedTicketsActivity"
90-->src\main\AndroidManifest.xml:56:13-77
91            android:exported="false"
91-->src\main\AndroidManifest.xml:58:13-37
92            android:screenOrientation="portrait" />
92-->src\main\AndroidManifest.xml:57:13-49
93        <activity
93-->src\main\AndroidManifest.xml:59:9-62:40
94            android:name="com.example.tfg_carlosmilenaquesada.views.activities.tickets.AllTicketsActivity"
94-->src\main\AndroidManifest.xml:60:13-72
95            android:exported="false"
95-->src\main\AndroidManifest.xml:62:13-37
96            android:screenOrientation="portrait" />
96-->src\main\AndroidManifest.xml:61:13-49
97        <activity
97-->src\main\AndroidManifest.xml:63:9-66:40
98            android:name="com.example.tfg_carlosmilenaquesada.views.activities.SalesManagementMenuActivity"
98-->src\main\AndroidManifest.xml:64:13-73
99            android:exported="false"
99-->src\main\AndroidManifest.xml:66:13-37
100            android:screenOrientation="portrait" />
100-->src\main\AndroidManifest.xml:65:13-49
101        <activity
101-->src\main\AndroidManifest.xml:67:9-70:40
102            android:name="com.example.tfg_carlosmilenaquesada.views.activities.PaymentActivity"
102-->src\main\AndroidManifest.xml:68:13-61
103            android:exported="false"
103-->src\main\AndroidManifest.xml:70:13-37
104            android:screenOrientation="portrait" />
104-->src\main\AndroidManifest.xml:69:13-49
105        <activity
105-->src\main\AndroidManifest.xml:71:9-74:49
106            android:name="com.journeyapps.barcodescanner.CaptureActivity"
106-->src\main\AndroidManifest.xml:72:13-74
107            android:clearTaskOnLaunch="true"
107-->[com.journeyapps:zxing-android-embedded:4.1.0] AndroidManifest.xml:49:13-45
108            android:screenOrientation="fullSensor"
108-->src\main\AndroidManifest.xml:73:13-51
109            android:stateNotNeeded="true"
109-->[com.journeyapps:zxing-android-embedded:4.1.0] AndroidManifest.xml:51:13-42
110            android:theme="@style/zxing_CaptureTheme"
110-->[com.journeyapps:zxing-android-embedded:4.1.0] AndroidManifest.xml:52:13-54
111            android:windowSoftInputMode="stateAlwaysHidden" />
111-->[com.journeyapps:zxing-android-embedded:4.1.0] AndroidManifest.xml:53:13-60
112        <activity
112-->src\main\AndroidManifest.xml:75:9-78:40
113            android:name="com.example.tfg_carlosmilenaquesada.views.loaders.SalesLoaderActivity"
113-->src\main\AndroidManifest.xml:76:13-62
114            android:exported="false"
114-->src\main\AndroidManifest.xml:78:13-37
115            android:screenOrientation="portrait" />
115-->src\main\AndroidManifest.xml:77:13-49
116        <activity
116-->src\main\AndroidManifest.xml:79:9-82:40
117            android:name="com.example.tfg_carlosmilenaquesada.views.activities.LoginActiviy"
117-->src\main\AndroidManifest.xml:80:13-58
118            android:exported="false"
118-->src\main\AndroidManifest.xml:82:13-37
119            android:screenOrientation="portrait" />
119-->src\main\AndroidManifest.xml:81:13-49
120        <activity
120-->src\main\AndroidManifest.xml:83:9-86:40
121            android:name="com.example.tfg_carlosmilenaquesada.views.activities.MainMenuActivity"
121-->src\main\AndroidManifest.xml:84:13-62
122            android:exported="false"
122-->src\main\AndroidManifest.xml:86:13-37
123            android:screenOrientation="portrait" />
123-->src\main\AndroidManifest.xml:85:13-49
124        <activity
124-->src\main\AndroidManifest.xml:87:9-90:40
125            android:name="com.example.tfg_carlosmilenaquesada.views.activities.SaleActivity"
125-->src\main\AndroidManifest.xml:88:13-58
126            android:exported="false"
126-->src\main\AndroidManifest.xml:90:13-37
127            android:screenOrientation="portrait" />
127-->src\main\AndroidManifest.xml:89:13-49
128        <activity
128-->src\main\AndroidManifest.xml:91:9-94:40
129            android:name="com.example.tfg_carlosmilenaquesada.views.loaders.LoginLoaderActivity"
129-->src\main\AndroidManifest.xml:92:13-62
130            android:exported="false"
130-->src\main\AndroidManifest.xml:94:13-37
131            android:screenOrientation="portrait" />
131-->src\main\AndroidManifest.xml:93:13-49
132        <activity
132-->src\main\AndroidManifest.xml:95:9-104:20
133            android:name="com.example.tfg_carlosmilenaquesada.views.activities.ServerSelectionActivity"
133-->src\main\AndroidManifest.xml:96:13-69
134            android:exported="true"
134-->src\main\AndroidManifest.xml:98:13-36
135            android:screenOrientation="portrait" >
135-->src\main\AndroidManifest.xml:97:13-49
136            <intent-filter>
136-->src\main\AndroidManifest.xml:99:13-103:29
137                <action android:name="android.intent.action.MAIN" />
137-->src\main\AndroidManifest.xml:100:17-69
137-->src\main\AndroidManifest.xml:100:25-66
138
139                <category android:name="android.intent.category.LAUNCHER" />
139-->src\main\AndroidManifest.xml:102:17-77
139-->src\main\AndroidManifest.xml:102:27-74
140            </intent-filter>
141        </activity>
142
143        <provider
143-->[androidx.emoji2:emoji2:1.2.0] AndroidManifest.xml:24:9-32:20
144            android:name="androidx.startup.InitializationProvider"
144-->[androidx.emoji2:emoji2:1.2.0] AndroidManifest.xml:25:13-67
145            android:authorities="com.example.tfg_carlosmilenaquesada.androidx-startup"
145-->[androidx.emoji2:emoji2:1.2.0] AndroidManifest.xml:26:13-68
146            android:exported="false" >
146-->[androidx.emoji2:emoji2:1.2.0] AndroidManifest.xml:27:13-37
147            <meta-data
147-->[androidx.emoji2:emoji2:1.2.0] AndroidManifest.xml:29:13-31:52
148                android:name="androidx.emoji2.text.EmojiCompatInitializer"
148-->[androidx.emoji2:emoji2:1.2.0] AndroidManifest.xml:30:17-75
149                android:value="androidx.startup" />
149-->[androidx.emoji2:emoji2:1.2.0] AndroidManifest.xml:31:17-49
150            <meta-data
150-->[androidx.lifecycle:lifecycle-process:2.6.1] AndroidManifest.xml:29:13-31:52
151                android:name="androidx.lifecycle.ProcessLifecycleInitializer"
151-->[androidx.lifecycle:lifecycle-process:2.6.1] AndroidManifest.xml:30:17-78
152                android:value="androidx.startup" />
152-->[androidx.lifecycle:lifecycle-process:2.6.1] AndroidManifest.xml:31:17-49
153            <meta-data
153-->[androidx.profileinstaller:profileinstaller:1.3.0] AndroidManifest.xml:29:13-31:52
154                android:name="androidx.profileinstaller.ProfileInstallerInitializer"
154-->[androidx.profileinstaller:profileinstaller:1.3.0] AndroidManifest.xml:30:17-85
155                android:value="androidx.startup" />
155-->[androidx.profileinstaller:profileinstaller:1.3.0] AndroidManifest.xml:31:17-49
156        </provider>
157
158        <receiver
158-->[androidx.profileinstaller:profileinstaller:1.3.0] AndroidManifest.xml:34:9-52:20
159            android:name="androidx.profileinstaller.ProfileInstallReceiver"
159-->[androidx.profileinstaller:profileinstaller:1.3.0] AndroidManifest.xml:35:13-76
160            android:directBootAware="false"
160-->[androidx.profileinstaller:profileinstaller:1.3.0] AndroidManifest.xml:36:13-44
161            android:enabled="true"
161-->[androidx.profileinstaller:profileinstaller:1.3.0] AndroidManifest.xml:37:13-35
162            android:exported="true"
162-->[androidx.profileinstaller:profileinstaller:1.3.0] AndroidManifest.xml:38:13-36
163            android:permission="android.permission.DUMP" >
163-->[androidx.profileinstaller:profileinstaller:1.3.0] AndroidManifest.xml:39:13-57
164            <intent-filter>
164-->[androidx.profileinstaller:profileinstaller:1.3.0] AndroidManifest.xml:40:13-42:29
165                <action android:name="androidx.profileinstaller.action.INSTALL_PROFILE" />
165-->[androidx.profileinstaller:profileinstaller:1.3.0] AndroidManifest.xml:41:17-91
165-->[androidx.profileinstaller:profileinstaller:1.3.0] AndroidManifest.xml:41:25-88
166            </intent-filter>
167            <intent-filter>
167-->[androidx.profileinstaller:profileinstaller:1.3.0] AndroidManifest.xml:43:13-45:29
168                <action android:name="androidx.profileinstaller.action.SKIP_FILE" />
168-->[androidx.profileinstaller:profileinstaller:1.3.0] AndroidManifest.xml:44:17-85
168-->[androidx.profileinstaller:profileinstaller:1.3.0] AndroidManifest.xml:44:25-82
169            </intent-filter>
170            <intent-filter>
170-->[androidx.profileinstaller:profileinstaller:1.3.0] AndroidManifest.xml:46:13-48:29
171                <action android:name="androidx.profileinstaller.action.SAVE_PROFILE" />
171-->[androidx.profileinstaller:profileinstaller:1.3.0] AndroidManifest.xml:47:17-88
171-->[androidx.profileinstaller:profileinstaller:1.3.0] AndroidManifest.xml:47:25-85
172            </intent-filter>
173            <intent-filter>
173-->[androidx.profileinstaller:profileinstaller:1.3.0] AndroidManifest.xml:49:13-51:29
174                <action android:name="androidx.profileinstaller.action.BENCHMARK_OPERATION" />
174-->[androidx.profileinstaller:profileinstaller:1.3.0] AndroidManifest.xml:50:17-95
174-->[androidx.profileinstaller:profileinstaller:1.3.0] AndroidManifest.xml:50:25-92
175            </intent-filter>
176        </receiver>
177    </application>
178
179</manifest>